<?xml version="1.0" encoding="UTF-8"?>
<!-- Generated by org.testng.reporters.JUnitReportReporter -->
<testsuite hostname="DESKTOP-H5TQTBC" failures="0" tests="2" name="com.rest.crud.RestAPICRUDOperations" time="2.371" errors="0" timestamp="2021-11-02T01:16:12 IST" skipped="0">
  <testcase classname="com.rest.crud.RestAPICRUDOperations" name="getUsersDataOnAPage" time="2.258"/>
  <testcase classname="com.rest.crud.RestAPICRUDOperations" name="getUserByID" time="0.113"/>
</testsuite> <!-- com.rest.crud.RestAPICRUDOperations -->
