<?xml version="1.0" encoding="UTF-8"?>
<!-- Generated by org.testng.reporters.JUnitReportReporter -->
<testsuite hostname="DESKTOP-H5TQTBC" failures="0" tests="1" name="com.rest.POST.CreateUsers" time="0.614" errors="0" timestamp="2021-11-02T01:26:22 IST" skipped="0">
  <testcase classname="com.rest.POST.CreateUsers" name="createUser" time="0.614"/>
</testsuite> <!-- com.rest.POST.CreateUsers -->
