<?xml version="1.0" encoding="UTF-8"?>
<!-- Generated by org.testng.reporters.JUnitReportReporter -->
<testsuite hostname="DESKTOP-H5TQTBC" failures="0" tests="1" name="com.rest.CRUD.RestAPI_CRUD_Operations" time="2.360" errors="0" timestamp="2021-11-02T14:45:41 IST" skipped="0">
  <testcase classname="com.rest.CRUD.RestAPI_CRUD_Operations" name="getUsersDataOnAPage" time="2.360"/>
</testsuite> <!-- com.rest.CRUD.RestAPI_CRUD_Operations -->
