<?xml version="1.0" encoding="UTF-8"?>
<!-- Generated by org.testng.reporters.JUnitReportReporter -->
<testsuite hostname="DESKTOP-H5TQTBC" failures="0" tests="1" name="com.rest.GET.GetUsers" time="2.415" errors="0" timestamp="2021-11-02T02:13:12 IST" skipped="0">
  <testcase classname="com.rest.GET.GetUsers" name="deleteUserByID" time="2.415"/>
</testsuite> <!-- com.rest.GET.GetUsers -->
