<?xml version="1.0" encoding="UTF-8"?>
<!-- Generated by org.testng.reporters.JUnitReportReporter -->
<testsuite hostname="DESKTOP-H5TQTBC" failures="0" tests="5" name="com.rest.CRUD.AddPlace_UpdatePlace_GetPlace_DeletePlace" time="13.624" errors="0" timestamp="2021-11-03T00:41:23 IST" skipped="0">
  <testcase classname="com.rest.CRUD.AddPlace_UpdatePlace_GetPlace_DeletePlace" name="addPlace" time="2.351"/>
  <testcase classname="com.rest.CRUD.AddPlace_UpdatePlace_GetPlace_DeletePlace" name="updatePlace" time="3.131"/>
  <testcase classname="com.rest.CRUD.AddPlace_UpdatePlace_GetPlace_DeletePlace" name="getPlaceWithUpdatedAddress" time="2.200"/>
  <testcase classname="com.rest.CRUD.AddPlace_UpdatePlace_GetPlace_DeletePlace" name="deletePlace" time="3.066"/>
  <testcase classname="com.rest.CRUD.AddPlace_UpdatePlace_GetPlace_DeletePlace" name="getPlaceAFterDeleting" time="2.876"/>
</testsuite> <!-- com.rest.CRUD.AddPlace_UpdatePlace_GetPlace_DeletePlace -->
